0 info it worked if it ends with ok
1 verbose cli [ '/usr/bin/nodejs', '/usr/bin/npm', 'install', 'make-ansible' ]
2 info using npm@1.4.21
3 info using node@v0.10.29
4 warn package.json make@0.0.0 No repository field.
5 verbose cache add [ 'make-ansible', null ]
6 verbose cache add name=undefined spec="make-ansible" args=["make-ansible",null]
7 verbose parsed url { protocol: null,
7 verbose parsed url   slashes: null,
7 verbose parsed url   auth: null,
7 verbose parsed url   host: null,
7 verbose parsed url   port: null,
7 verbose parsed url   hostname: null,
7 verbose parsed url   hash: null,
7 verbose parsed url   search: null,
7 verbose parsed url   query: null,
7 verbose parsed url   pathname: 'make-ansible',
7 verbose parsed url   path: 'make-ansible',
7 verbose parsed url   href: 'make-ansible' }
8 silly lockFile 3a537c70-make-ansible make-ansible
9 verbose lock make-ansible /home/ansible/.npm/3a537c70-make-ansible.lock
10 silly lockFile 3a537c70-make-ansible make-ansible
11 silly lockFile 3a537c70-make-ansible make-ansible
12 verbose addNamed [ 'make-ansible', '' ]
13 verbose addNamed [ null, '*' ]
14 silly lockFile 1d8efc85-make-ansible make-ansible@
15 verbose lock make-ansible@ /home/ansible/.npm/1d8efc85-make-ansible.lock
16 silly addNameRange { name: 'make-ansible', range: '*', hasData: false }
17 verbose request where is /make-ansible
18 verbose request registry https://registry.npmjs.org/
19 verbose request id 1384ed1d6dedba7e
20 verbose url raw /make-ansible
21 verbose url resolving [ 'https://registry.npmjs.org/', './make-ansible' ]
22 verbose url resolved https://registry.npmjs.org/make-ansible
23 verbose request where is https://registry.npmjs.org/make-ansible
24 info trying registry request attempt 1 at 16:17:29
25 http GET https://registry.npmjs.org/make-ansible
26 http 404 https://registry.npmjs.org/make-ansible
27 silly registry.get cb [ 404,
27 silly registry.get   { 'content-type': 'application/json',
27 silly registry.get     'cache-control': 'max-age=0',
27 silly registry.get     'content-length': '2',
27 silly registry.get     'accept-ranges': 'bytes',
27 silly registry.get     date: 'Mon, 27 Jun 2016 16:17:29 GMT',
27 silly registry.get     via: '1.1 varnish',
27 silly registry.get     age: '0',
27 silly registry.get     connection: 'keep-alive',
27 silly registry.get     'x-served-by': 'cache-ord1733-ORD',
27 silly registry.get     'x-cache': 'MISS',
27 silly registry.get     'x-cache-hits': '0',
27 silly registry.get     'x-timer': 'S1467044249.582364,VS0,VE137',
27 silly registry.get     vary: 'Accept-Encoding' } ]
28 silly lockFile 1d8efc85-make-ansible make-ansible@
29 silly lockFile 1d8efc85-make-ansible make-ansible@
30 error 404 Not Found
30 error 404
30 error 404 'make-ansible' is not in the npm registry.
30 error 404 You should bug the author to publish it
30 error 404
30 error 404 Note that you can also install from a
30 error 404 tarball, folder, or http url, or git url.
31 error System Linux 3.16.0-4-amd64
32 error command "/usr/bin/nodejs" "/usr/bin/npm" "install" "make-ansible"
33 error cwd /home/ansible/dash
34 error node -v v0.10.29
35 error npm -v 1.4.21
36 error code E404
37 verbose exit [ 1, true ]
